{"E:\\task1-web-api-bibekbistey\\server.js": {"path":"E:\\task1-web-api-bibekbistey\\server.js","statementMap":{"0":{"start":{"line":1,"column":16},"end":{"line":1,"column":34}},"1":{"start":{"line":2,"column":15},"end":{"line":2,"column":32}},"2":{"start":{"line":3,"column":16},"end":{"line":3,"column":33}},"3":{"start":{"line":4,"column":15},"end":{"line":4,"column":32}},"4":{"start":{"line":5,"column":18},"end":{"line":5,"column":40}},"5":{"start":{"line":8,"column":0},"end":{"line":8,"column":16}},"6":{"start":{"line":11,"column":0},"end":{"line":11,"column":12}},"7":{"start":{"line":14,"column":12},"end":{"line":14,"column":21}},"8":{"start":{"line":17,"column":0},"end":{"line":17,"column":24}},"9":{"start":{"line":18,"column":0},"end":{"line":18,"column":24}},"10":{"start":{"line":21,"column":0},"end":{"line":21,"column":56}},"11":{"start":{"line":22,"column":0},"end":{"line":22,"column":58}},"12":{"start":{"line":23,"column":0},"end":{"line":23,"column":60}},"13":{"start":{"line":26,"column":13},"end":{"line":26,"column":37}},"14":{"start":{"line":28,"column":0},"end":{"line":32,"column":3}},"15":{"start":{"line":29,"column":2},"end":{"line":31,"column":4}},"16":{"start":{"line":34,"column":0},"end":{"line":34,"column":21}}},"fnMap":{"0":{"name":"(anonymous_0)","decl":{"start":{"line":28,"column":17},"end":{"line":28,"column":18}},"loc":{"start":{"line":28,"column":23},"end":{"line":32,"column":1}},"line":28}},"branchMap":{"0":{"loc":{"start":{"line":26,"column":13},"end":{"line":26,"column":37}},"type":"binary-expr","locations":[{"start":{"line":26,"column":13},"end":{"line":26,"column":29}},{"start":{"line":26,"column":33},"end":{"line":26,"column":37}}],"line":26}},"s":{"0":3,"1":3,"2":3,"3":3,"4":3,"5":3,"6":3,"7":3,"8":3,"9":3,"10":3,"11":3,"12":3,"13":3,"14":3,"15":1,"16":3},"f":{"0":1},"b":{"0":[3,0]},"_coverageSchema":"1a1c01bbd47fc00a2c39e90264f33305004495a9","hash":"384891ee707bab22f3f279432fa73b225b9682c4"}
,"E:\\task1-web-api-bibekbistey\\config\\db.js": {"path":"E:\\task1-web-api-bibekbistey\\config\\db.js","statementMap":{"0":{"start":{"line":1,"column":17},"end":{"line":1,"column":36}},"1":{"start":{"line":2,"column":15},"end":{"line":2,"column":32}},"2":{"start":{"line":3,"column":0},"end":{"line":3,"column":27}},"3":{"start":{"line":6,"column":2},"end":{"line":8,"column":24}},"4":{"start":{"line":10,"column":18},"end":{"line":18,"column":1}},"5":{"start":{"line":12,"column":2},"end":{"line":17,"column":3}},"6":{"start":{"line":13,"column":4},"end":{"line":13,"column":38}},"7":{"start":{"line":14,"column":4},"end":{"line":14,"column":79}},"8":{"start":{"line":16,"column":4},"end":{"line":16,"column":61}},"9":{"start":{"line":26,"column":0},"end":{"line":26,"column":27}}},"fnMap":{"0":{"name":"(anonymous_0)","decl":{"start":{"line":10,"column":18},"end":{"line":10,"column":19}},"loc":{"start":{"line":10,"column":30},"end":{"line":18,"column":1}},"line":10}},"branchMap":{"0":{"loc":{"start":{"line":6,"column":2},"end":{"line":8,"column":24}},"type":"cond-expr","locations":[{"start":{"line":7,"column":6},"end":{"line":7,"column":29}},{"start":{"line":8,"column":6},"end":{"line":8,"column":24}}],"line":6}},"s":{"0":3,"1":3,"2":3,"3":3,"4":3,"5":3,"6":3,"7":3,"8":0,"9":3},"f":{"0":3},"b":{"0":[3,0]},"_coverageSchema":"1a1c01bbd47fc00a2c39e90264f33305004495a9","hash":"b7b889c16fb9b6ba110fc505a9b30eca89f0e11e"}
,"E:\\task1-web-api-bibekbistey\\controllers\\adminCtrl.js": {"path":"E:\\task1-web-api-bibekbistey\\controllers\\adminCtrl.js","statementMap":{"0":{"start":{"line":1,"column":20},"end":{"line":1,"column":52}},"1":{"start":{"line":2,"column":18},"end":{"line":2,"column":49}},"2":{"start":{"line":4,"column":30},"end":{"line":20,"column":1}},"3":{"start":{"line":5,"column":2},"end":{"line":19,"column":3}},"4":{"start":{"line":6,"column":18},"end":{"line":6,"column":58}},"5":{"start":{"line":7,"column":4},"end":{"line":11,"column":7}},"6":{"start":{"line":13,"column":4},"end":{"line":13,"column":23}},"7":{"start":{"line":14,"column":4},"end":{"line":18,"column":7}},"8":{"start":{"line":22,"column":32},"end":{"line":39,"column":1}},"9":{"start":{"line":23,"column":2},"end":{"line":38,"column":3}},"10":{"start":{"line":24,"column":20},"end":{"line":24,"column":46}},"11":{"start":{"line":25,"column":4},"end":{"line":29,"column":7}},"12":{"start":{"line":33,"column":4},"end":{"line":37,"column":7}},"13":{"start":{"line":77,"column":29},"end":{"line":97,"column":1}},"14":{"start":{"line":78,"column":2},"end":{"line":96,"column":3}},"15":{"start":{"line":79,"column":23},"end":{"line":79,"column":33}},"16":{"start":{"line":80,"column":17},"end":{"line":80,"column":58}},"17":{"start":{"line":81,"column":4},"end":{"line":85,"column":7}},"18":{"start":{"line":91,"column":4},"end":{"line":95,"column":7}},"19":{"start":{"line":99,"column":0},"end":{"line":104,"column":2}}},"fnMap":{"0":{"name":"(anonymous_0)","decl":{"start":{"line":4,"column":30},"end":{"line":4,"column":31}},"loc":{"start":{"line":4,"column":50},"end":{"line":20,"column":1}},"line":4},"1":{"name":"(anonymous_1)","decl":{"start":{"line":22,"column":32},"end":{"line":22,"column":33}},"loc":{"start":{"line":22,"column":52},"end":{"line":39,"column":1}},"line":22},"2":{"name":"(anonymous_2)","decl":{"start":{"line":77,"column":29},"end":{"line":77,"column":30}},"loc":{"start":{"line":77,"column":49},"end":{"line":97,"column":1}},"line":77}},"branchMap":{},"s":{"0":3,"1":3,"2":3,"3":1,"4":1,"5":1,"6":0,"7":0,"8":3,"9":1,"10":1,"11":1,"12":0,"13":3,"14":1,"15":1,"16":1,"17":1,"18":0,"19":3},"f":{"0":1,"1":1,"2":1},"b":{},"_coverageSchema":"1a1c01bbd47fc00a2c39e90264f33305004495a9","hash":"baf078edf53539339170b58f772a2f834aa7b4b2"}
,"E:\\task1-web-api-bibekbistey\\controllers\\doctorCtrl.js": {"path":"E:\\task1-web-api-bibekbistey\\controllers\\doctorCtrl.js","statementMap":{"0":{"start":{"line":1,"column":25},"end":{"line":1,"column":62}},"1":{"start":{"line":2,"column":20},"end":{"line":2,"column":52}},"2":{"start":{"line":3,"column":18},"end":{"line":3,"column":49}},"3":{"start":{"line":6,"column":32},"end":{"line":22,"column":1}},"4":{"start":{"line":7,"column":2},"end":{"line":21,"column":3}},"5":{"start":{"line":8,"column":19},"end":{"line":8,"column":73}},"6":{"start":{"line":9,"column":4},"end":{"line":13,"column":7}},"7":{"start":{"line":15,"column":4},"end":{"line":15,"column":23}},"8":{"start":{"line":16,"column":4},"end":{"line":20,"column":7}},"9":{"start":{"line":25,"column":32},"end":{"line":46,"column":1}},"10":{"start":{"line":26,"column":2},"end":{"line":45,"column":3}},"11":{"start":{"line":27,"column":19},"end":{"line":30,"column":5}},"12":{"start":{"line":31,"column":4},"end":{"line":35,"column":7}},"13":{"start":{"line":40,"column":4},"end":{"line":44,"column":7}},"14":{"start":{"line":49,"column":32},"end":{"line":66,"column":1}},"15":{"start":{"line":50,"column":2},"end":{"line":65,"column":3}},"16":{"start":{"line":51,"column":19},"end":{"line":51,"column":72}},"17":{"start":{"line":52,"column":4},"end":{"line":56,"column":7}},"18":{"start":{"line":96,"column":31},"end":{"line":125,"column":1}},"19":{"start":{"line":97,"column":2},"end":{"line":124,"column":3}},"20":{"start":{"line":98,"column":39},"end":{"line":98,"column":47}},"21":{"start":{"line":99,"column":25},"end":{"line":102,"column":5}},"22":{"start":{"line":104,"column":17},"end":{"line":104,"column":70}},"23":{"start":{"line":113,"column":4},"end":{"line":116,"column":7}},"24":{"start":{"line":118,"column":4},"end":{"line":118,"column":23}},"25":{"start":{"line":119,"column":4},"end":{"line":123,"column":7}},"26":{"start":{"line":127,"column":0},"end":{"line":133,"column":2}}},"fnMap":{"0":{"name":"(anonymous_0)","decl":{"start":{"line":6,"column":32},"end":{"line":6,"column":33}},"loc":{"start":{"line":6,"column":52},"end":{"line":22,"column":1}},"line":6},"1":{"name":"(anonymous_1)","decl":{"start":{"line":25,"column":32},"end":{"line":25,"column":33}},"loc":{"start":{"line":25,"column":52},"end":{"line":46,"column":1}},"line":25},"2":{"name":"(anonymous_2)","decl":{"start":{"line":49,"column":32},"end":{"line":49,"column":33}},"loc":{"start":{"line":49,"column":52},"end":{"line":66,"column":1}},"line":49},"3":{"name":"(anonymous_3)","decl":{"start":{"line":96,"column":31},"end":{"line":96,"column":32}},"loc":{"start":{"line":96,"column":51},"end":{"line":125,"column":1}},"line":96}},"branchMap":{},"s":{"0":3,"1":3,"2":3,"3":3,"4":1,"5":1,"6":1,"7":0,"8":0,"9":3,"10":1,"11":1,"12":1,"13":0,"14":3,"15":1,"16":1,"17":1,"18":3,"19":1,"20":1,"21":1,"22":1,"23":1,"24":0,"25":0,"26":3},"f":{"0":1,"1":1,"2":1,"3":1},"b":{},"_coverageSchema":"1a1c01bbd47fc00a2c39e90264f33305004495a9","hash":"55eefde80fd8792ea1107d62a9cc49a1b423c0bc"}
,"E:\\task1-web-api-bibekbistey\\controllers\\userCtrl.js": {"path":"E:\\task1-web-api-bibekbistey\\controllers\\userCtrl.js","statementMap":{"0":{"start":{"line":1,"column":18},"end":{"line":1,"column":49}},"1":{"start":{"line":2,"column":15},"end":{"line":2,"column":34}},"2":{"start":{"line":3,"column":12},"end":{"line":3,"column":35}},"3":{"start":{"line":4,"column":20},"end":{"line":4,"column":52}},"4":{"start":{"line":5,"column":25},"end":{"line":5,"column":62}},"5":{"start":{"line":6,"column":15},"end":{"line":6,"column":32}},"6":{"start":{"line":10,"column":27},"end":{"line":33,"column":1}},"7":{"start":{"line":11,"column":2},"end":{"line":32,"column":3}},"8":{"start":{"line":12,"column":26},"end":{"line":12,"column":76}},"9":{"start":{"line":13,"column":4},"end":{"line":17,"column":5}},"10":{"start":{"line":14,"column":6},"end":{"line":16,"column":65}},"11":{"start":{"line":19,"column":21},"end":{"line":19,"column":38}},"12":{"start":{"line":20,"column":17},"end":{"line":20,"column":41}},"13":{"start":{"line":21,"column":27},"end":{"line":21,"column":60}},"14":{"start":{"line":22,"column":4},"end":{"line":22,"column":39}},"15":{"start":{"line":23,"column":20},"end":{"line":23,"column":43}},"16":{"start":{"line":24,"column":4},"end":{"line":24,"column":25}},"17":{"start":{"line":25,"column":4},"end":{"line":25,"column":77}},"18":{"start":{"line":27,"column":4},"end":{"line":27,"column":23}},"19":{"start":{"line":28,"column":4},"end":{"line":31,"column":7}},"20":{"start":{"line":36,"column":24},"end":{"line":58,"column":1}},"21":{"start":{"line":37,"column":2},"end":{"line":57,"column":3}},"22":{"start":{"line":38,"column":17},"end":{"line":38,"column":67}},"23":{"start":{"line":39,"column":4},"end":{"line":43,"column":5}},"24":{"start":{"line":40,"column":6},"end":{"line":42,"column":61}},"25":{"start":{"line":44,"column":20},"end":{"line":44,"column":74}},"26":{"start":{"line":45,"column":4},"end":{"line":49,"column":5}},"27":{"start":{"line":46,"column":6},"end":{"line":48,"column":72}},"28":{"start":{"line":50,"column":18},"end":{"line":52,"column":6}},"29":{"start":{"line":53,"column":4},"end":{"line":53,"column":87}},"30":{"start":{"line":55,"column":4},"end":{"line":55,"column":23}},"31":{"start":{"line":56,"column":4},"end":{"line":56,"column":78}},"32":{"start":{"line":62,"column":23},"end":{"line":85,"column":1}},"33":{"start":{"line":63,"column":2},"end":{"line":84,"column":3}},"34":{"start":{"line":64,"column":17},"end":{"line":64,"column":67}},"35":{"start":{"line":65,"column":4},"end":{"line":65,"column":30}},"36":{"start":{"line":66,"column":4},"end":{"line":76,"column":5}},"37":{"start":{"line":67,"column":6},"end":{"line":70,"column":9}},"38":{"start":{"line":72,"column":6},"end":{"line":75,"column":9}},"39":{"start":{"line":78,"column":4},"end":{"line":78,"column":23}},"40":{"start":{"line":79,"column":4},"end":{"line":83,"column":7}},"41":{"start":{"line":88,"column":30},"end":{"line":118,"column":1}},"42":{"start":{"line":89,"column":2},"end":{"line":117,"column":3}},"43":{"start":{"line":90,"column":4},"end":{"line":90,"column":43}},"44":{"start":{"line":91,"column":22},"end":{"line":91,"column":75}},"45":{"start":{"line":92,"column":4},"end":{"line":92,"column":27}},"46":{"start":{"line":93,"column":4},"end":{"line":93,"column":42}},"47":{"start":{"line":106,"column":4},"end":{"line":109,"column":7}},"48":{"start":{"line":111,"column":4},"end":{"line":111,"column":23}},"49":{"start":{"line":112,"column":4},"end":{"line":116,"column":7}},"50":{"start":{"line":151,"column":37},"end":{"line":173,"column":1}},"51":{"start":{"line":152,"column":2},"end":{"line":172,"column":3}},"52":{"start":{"line":153,"column":17},"end":{"line":153,"column":66}},"53":{"start":{"line":154,"column":29},"end":{"line":154,"column":50}},"54":{"start":{"line":155,"column":24},"end":{"line":155,"column":40}},"55":{"start":{"line":156,"column":4},"end":{"line":156,"column":42}},"56":{"start":{"line":157,"column":4},"end":{"line":157,"column":26}},"57":{"start":{"line":158,"column":4},"end":{"line":158,"column":40}},"58":{"start":{"line":159,"column":24},"end":{"line":159,"column":41}},"59":{"start":{"line":160,"column":4},"end":{"line":164,"column":7}},"60":{"start":{"line":166,"column":4},"end":{"line":166,"column":23}},"61":{"start":{"line":167,"column":4},"end":{"line":171,"column":7}},"62":{"start":{"line":176,"column":40},"end":{"line":196,"column":1}},"63":{"start":{"line":177,"column":2},"end":{"line":195,"column":3}},"64":{"start":{"line":178,"column":17},"end":{"line":178,"column":66}},"65":{"start":{"line":179,"column":4},"end":{"line":179,"column":26}},"66":{"start":{"line":180,"column":4},"end":{"line":180,"column":31}},"67":{"start":{"line":181,"column":24},"end":{"line":181,"column":41}},"68":{"start":{"line":182,"column":4},"end":{"line":182,"column":37}},"69":{"start":{"line":183,"column":4},"end":{"line":187,"column":7}},"70":{"start":{"line":189,"column":4},"end":{"line":189,"column":23}},"71":{"start":{"line":190,"column":4},"end":{"line":194,"column":7}},"72":{"start":{"line":199,"column":32},"end":{"line":215,"column":1}},"73":{"start":{"line":200,"column":2},"end":{"line":214,"column":3}},"74":{"start":{"line":201,"column":20},"end":{"line":201,"column":66}},"75":{"start":{"line":202,"column":4},"end":{"line":206,"column":7}},"76":{"start":{"line":208,"column":4},"end":{"line":208,"column":23}},"77":{"start":{"line":209,"column":4},"end":{"line":213,"column":7}},"78":{"start":{"line":249,"column":38},"end":{"line":285,"column":1}},"79":{"start":{"line":250,"column":2},"end":{"line":284,"column":3}},"80":{"start":{"line":251,"column":17},"end":{"line":251,"column":64}},"81":{"start":{"line":252,"column":21},"end":{"line":254,"column":20}},"82":{"start":{"line":255,"column":19},"end":{"line":255,"column":79}},"83":{"start":{"line":256,"column":21},"end":{"line":256,"column":38}},"84":{"start":{"line":257,"column":25},"end":{"line":264,"column":6}},"85":{"start":{"line":265,"column":4},"end":{"line":275,"column":5}},"86":{"start":{"line":266,"column":6},"end":{"line":269,"column":9}},"87":{"start":{"line":271,"column":6},"end":{"line":274,"column":9}},"88":{"start":{"line":279,"column":4},"end":{"line":283,"column":7}},"89":{"start":{"line":287,"column":35},"end":{"line":307,"column":1}},"90":{"start":{"line":288,"column":2},"end":{"line":306,"column":3}},"91":{"start":{"line":289,"column":25},"end":{"line":291,"column":6}},"92":{"start":{"line":292,"column":4},"end":{"line":296,"column":7}},"93":{"start":{"line":301,"column":4},"end":{"line":305,"column":7}},"94":{"start":{"line":309,"column":0},"end":{"line":320,"column":2}}},"fnMap":{"0":{"name":"(anonymous_0)","decl":{"start":{"line":10,"column":27},"end":{"line":10,"column":28}},"loc":{"start":{"line":10,"column":47},"end":{"line":33,"column":1}},"line":10},"1":{"name":"(anonymous_1)","decl":{"start":{"line":36,"column":24},"end":{"line":36,"column":25}},"loc":{"start":{"line":36,"column":44},"end":{"line":58,"column":1}},"line":36},"2":{"name":"(anonymous_2)","decl":{"start":{"line":62,"column":23},"end":{"line":62,"column":24}},"loc":{"start":{"line":62,"column":43},"end":{"line":85,"column":1}},"line":62},"3":{"name":"(anonymous_3)","decl":{"start":{"line":88,"column":30},"end":{"line":88,"column":31}},"loc":{"start":{"line":88,"column":50},"end":{"line":118,"column":1}},"line":88},"4":{"name":"(anonymous_4)","decl":{"start":{"line":151,"column":37},"end":{"line":151,"column":38}},"loc":{"start":{"line":151,"column":57},"end":{"line":173,"column":1}},"line":151},"5":{"name":"(anonymous_5)","decl":{"start":{"line":176,"column":40},"end":{"line":176,"column":41}},"loc":{"start":{"line":176,"column":60},"end":{"line":196,"column":1}},"line":176},"6":{"name":"(anonymous_6)","decl":{"start":{"line":199,"column":32},"end":{"line":199,"column":33}},"loc":{"start":{"line":199,"column":52},"end":{"line":215,"column":1}},"line":199},"7":{"name":"(anonymous_7)","decl":{"start":{"line":249,"column":38},"end":{"line":249,"column":39}},"loc":{"start":{"line":249,"column":58},"end":{"line":285,"column":1}},"line":249},"8":{"name":"(anonymous_8)","decl":{"start":{"line":287,"column":35},"end":{"line":287,"column":36}},"loc":{"start":{"line":287,"column":55},"end":{"line":307,"column":1}},"line":287}},"branchMap":{"0":{"loc":{"start":{"line":13,"column":4},"end":{"line":17,"column":5}},"type":"if","locations":[{"start":{"line":13,"column":4},"end":{"line":17,"column":5}},{"start":{},"end":{}}],"line":13},"1":{"loc":{"start":{"line":39,"column":4},"end":{"line":43,"column":5}},"type":"if","locations":[{"start":{"line":39,"column":4},"end":{"line":43,"column":5}},{"start":{},"end":{}}],"line":39},"2":{"loc":{"start":{"line":45,"column":4},"end":{"line":49,"column":5}},"type":"if","locations":[{"start":{"line":45,"column":4},"end":{"line":49,"column":5}},{"start":{},"end":{}}],"line":45},"3":{"loc":{"start":{"line":66,"column":4},"end":{"line":76,"column":5}},"type":"if","locations":[{"start":{"line":66,"column":4},"end":{"line":76,"column":5}},{"start":{"line":71,"column":11},"end":{"line":76,"column":5}}],"line":66},"4":{"loc":{"start":{"line":265,"column":4},"end":{"line":275,"column":5}},"type":"if","locations":[{"start":{"line":265,"column":4},"end":{"line":275,"column":5}},{"start":{"line":270,"column":11},"end":{"line":275,"column":5}}],"line":265}},"s":{"0":3,"1":3,"2":3,"3":3,"4":3,"5":3,"6":3,"7":9,"8":9,"9":9,"10":5,"11":4,"12":4,"13":4,"14":4,"15":4,"16":4,"17":4,"18":0,"19":0,"20":3,"21":12,"22":12,"23":12,"24":2,"25":10,"26":10,"27":1,"28":9,"29":9,"30":0,"31":0,"32":3,"33":1,"34":1,"35":1,"36":1,"37":0,"38":1,"39":0,"40":0,"41":3,"42":2,"43":2,"44":2,"45":2,"46":2,"47":2,"48":0,"49":0,"50":3,"51":1,"52":1,"53":1,"54":1,"55":1,"56":1,"57":1,"58":1,"59":1,"60":0,"61":0,"62":3,"63":1,"64":1,"65":1,"66":1,"67":1,"68":1,"69":1,"70":0,"71":0,"72":3,"73":1,"74":1,"75":1,"76":0,"77":0,"78":3,"79":1,"80":1,"81":1,"82":1,"83":1,"84":1,"85":1,"86":0,"87":1,"88":0,"89":3,"90":1,"91":1,"92":1,"93":0,"94":3},"f":{"0":9,"1":12,"2":1,"3":2,"4":1,"5":1,"6":1,"7":1,"8":1},"b":{"0":[5,4],"1":[2,10],"2":[1,9],"3":[0,1],"4":[0,1]},"_coverageSchema":"1a1c01bbd47fc00a2c39e90264f33305004495a9","hash":"d008536b7900b1e300fcceb263465fc85aabfb6d"}
,"E:\\task1-web-api-bibekbistey\\middlewares\\authMiddleware.js": {"path":"E:\\task1-web-api-bibekbistey\\middlewares\\authMiddleware.js","statementMap":{"0":{"start":{"line":1,"column":12},"end":{"line":1,"column":35}},"1":{"start":{"line":3,"column":0},"end":{"line":24,"column":2}},"2":{"start":{"line":4,"column":2},"end":{"line":23,"column":3}},"3":{"start":{"line":5,"column":18},"end":{"line":5,"column":60}},"4":{"start":{"line":6,"column":4},"end":{"line":16,"column":7}},"5":{"start":{"line":7,"column":6},"end":{"line":15,"column":7}},"6":{"start":{"line":8,"column":8},"end":{"line":11,"column":11}},"7":{"start":{"line":13,"column":8},"end":{"line":13,"column":36}},"8":{"start":{"line":14,"column":8},"end":{"line":14,"column":15}},"9":{"start":{"line":18,"column":4},"end":{"line":18,"column":23}},"10":{"start":{"line":19,"column":4},"end":{"line":22,"column":7}}},"fnMap":{"0":{"name":"(anonymous_0)","decl":{"start":{"line":3,"column":17},"end":{"line":3,"column":18}},"loc":{"start":{"line":3,"column":43},"end":{"line":24,"column":1}},"line":3},"1":{"name":"(anonymous_1)","decl":{"start":{"line":6,"column":46},"end":{"line":6,"column":47}},"loc":{"start":{"line":6,"column":63},"end":{"line":16,"column":5}},"line":6}},"branchMap":{"0":{"loc":{"start":{"line":7,"column":6},"end":{"line":15,"column":7}},"type":"if","locations":[{"start":{"line":7,"column":6},"end":{"line":15,"column":7}},{"start":{"line":12,"column":13},"end":{"line":15,"column":7}}],"line":7}},"s":{"0":3,"1":3,"2":21,"3":21,"4":16,"5":16,"6":0,"7":16,"8":16,"9":5,"10":5},"f":{"0":21,"1":16},"b":{"0":[0,16]},"_coverageSchema":"1a1c01bbd47fc00a2c39e90264f33305004495a9","hash":"6324a3527963fd84105e73bc0591179f1f34a248"}
,"E:\\task1-web-api-bibekbistey\\models\\appointmentModel.js": {"path":"E:\\task1-web-api-bibekbistey\\models\\appointmentModel.js","statementMap":{"0":{"start":{"line":1,"column":17},"end":{"line":1,"column":36}},"1":{"start":{"line":3,"column":26},"end":{"line":36,"column":1}},"2":{"start":{"line":38,"column":25},"end":{"line":38,"column":74}},"3":{"start":{"line":40,"column":0},"end":{"line":40,"column":34}}},"fnMap":{},"branchMap":{},"s":{"0":3,"1":3,"2":3,"3":3},"f":{},"b":{},"_coverageSchema":"1a1c01bbd47fc00a2c39e90264f33305004495a9","hash":"3456c1f9a81027587f2bb5eff4c084b5c7957ee5"}
,"E:\\task1-web-api-bibekbistey\\models\\doctorModel.js": {"path":"E:\\task1-web-api-bibekbistey\\models\\doctorModel.js","statementMap":{"0":{"start":{"line":1,"column":17},"end":{"line":1,"column":36}},"1":{"start":{"line":3,"column":21},"end":{"line":53,"column":1}},"2":{"start":{"line":55,"column":20},"end":{"line":55,"column":59}},"3":{"start":{"line":56,"column":0},"end":{"line":56,"column":29}}},"fnMap":{},"branchMap":{},"s":{"0":3,"1":3,"2":3,"3":3},"f":{},"b":{},"_coverageSchema":"1a1c01bbd47fc00a2c39e90264f33305004495a9","hash":"8c4635654a64a925b5ae32ae56288ee992090e04"}
,"E:\\task1-web-api-bibekbistey\\models\\userModels.js": {"path":"E:\\task1-web-api-bibekbistey\\models\\userModels.js","statementMap":{"0":{"start":{"line":1,"column":17},"end":{"line":1,"column":36}},"1":{"start":{"line":3,"column":19},"end":{"line":32,"column":2}},"2":{"start":{"line":34,"column":18},"end":{"line":34,"column":53}},"3":{"start":{"line":36,"column":0},"end":{"line":36,"column":27}}},"fnMap":{},"branchMap":{},"s":{"0":3,"1":3,"2":3,"3":3},"f":{},"b":{},"_coverageSchema":"1a1c01bbd47fc00a2c39e90264f33305004495a9","hash":"eebfa267e352dbcc5c5cb7d8e3327c49fc677622"}
,"E:\\task1-web-api-bibekbistey\\routes\\adminRoutes.js": {"path":"E:\\task1-web-api-bibekbistey\\routes\\adminRoutes.js","statementMap":{"0":{"start":{"line":1,"column":16},"end":{"line":1,"column":34}},"1":{"start":{"line":7,"column":4},"end":{"line":7,"column":39}},"2":{"start":{"line":8,"column":23},"end":{"line":8,"column":63}},"3":{"start":{"line":10,"column":15},"end":{"line":10,"column":31}},"4":{"start":{"line":13,"column":0},"end":{"line":13,"column":66}},"5":{"start":{"line":16,"column":0},"end":{"line":16,"column":70}},"6":{"start":{"line":18,"column":0},"end":{"line":18,"column":76}},"7":{"start":{"line":21,"column":0},"end":{"line":25,"column":2}},"8":{"start":{"line":27,"column":0},"end":{"line":27,"column":24}}},"fnMap":{},"branchMap":{},"s":{"0":3,"1":3,"2":3,"3":3,"4":3,"5":3,"6":3,"7":3,"8":3},"f":{},"b":{},"_coverageSchema":"1a1c01bbd47fc00a2c39e90264f33305004495a9","hash":"8c765f36ad2b443fd3aea6e7951f2930ab9fe0ad"}
,"E:\\task1-web-api-bibekbistey\\routes\\doctorRoutes.js": {"path":"E:\\task1-web-api-bibekbistey\\routes\\doctorRoutes.js","statementMap":{"0":{"start":{"line":1,"column":16},"end":{"line":1,"column":34}},"1":{"start":{"line":8,"column":4},"end":{"line":8,"column":40}},"2":{"start":{"line":9,"column":23},"end":{"line":9,"column":63}},"3":{"start":{"line":10,"column":15},"end":{"line":10,"column":31}},"4":{"start":{"line":13,"column":0},"end":{"line":13,"column":71}},"5":{"start":{"line":16,"column":0},"end":{"line":16,"column":71}},"6":{"start":{"line":19,"column":0},"end":{"line":19,"column":71}},"7":{"start":{"line":22,"column":0},"end":{"line":26,"column":2}},"8":{"start":{"line":29,"column":0},"end":{"line":29,"column":70}},"9":{"start":{"line":31,"column":0},"end":{"line":31,"column":24}}},"fnMap":{},"branchMap":{},"s":{"0":3,"1":3,"2":3,"3":3,"4":3,"5":3,"6":3,"7":3,"8":3,"9":3},"f":{},"b":{},"_coverageSchema":"1a1c01bbd47fc00a2c39e90264f33305004495a9","hash":"c9545821c0765c9de9018fe66a16f4a9ded71207"}
,"E:\\task1-web-api-bibekbistey\\routes\\userRoutes.js": {"path":"E:\\task1-web-api-bibekbistey\\routes\\userRoutes.js","statementMap":{"0":{"start":{"line":1,"column":16},"end":{"line":1,"column":34}},"1":{"start":{"line":13,"column":4},"end":{"line":13,"column":38}},"2":{"start":{"line":14,"column":23},"end":{"line":14,"column":63}},"3":{"start":{"line":17,"column":15},"end":{"line":17,"column":31}},"4":{"start":{"line":21,"column":0},"end":{"line":21,"column":39}},"5":{"start":{"line":24,"column":0},"end":{"line":24,"column":45}},"6":{"start":{"line":27,"column":0},"end":{"line":27,"column":60}},"7":{"start":{"line":30,"column":0},"end":{"line":30,"column":68}},"8":{"start":{"line":33,"column":0},"end":{"line":37,"column":2}},"9":{"start":{"line":39,"column":0},"end":{"line":43,"column":2}},"10":{"start":{"line":46,"column":0},"end":{"line":46,"column":70}},"11":{"start":{"line":49,"column":0},"end":{"line":49,"column":77}},"12":{"start":{"line":52,"column":0},"end":{"line":56,"column":2}},"13":{"start":{"line":59,"column":0},"end":{"line":59,"column":77}},"14":{"start":{"line":61,"column":0},"end":{"line":61,"column":24}}},"fnMap":{},"branchMap":{},"s":{"0":3,"1":3,"2":3,"3":3,"4":3,"5":3,"6":3,"7":3,"8":3,"9":3,"10":3,"11":3,"12":3,"13":3,"14":3},"f":{},"b":{},"_coverageSchema":"1a1c01bbd47fc00a2c39e90264f33305004495a9","hash":"ce77cf576e1ef967a16471646bbfa759baf9963d"}
}
