TN:
SF:server.js
FN:28,(anonymous_0)
FNF:1
FNH:1
FNDA:1,(anonymous_0)
DA:1,3
DA:2,3
DA:3,3
DA:4,3
DA:5,3
DA:8,3
DA:11,3
DA:14,3
DA:17,3
DA:18,3
DA:21,3
DA:22,3
DA:23,3
DA:26,3
DA:28,3
DA:29,1
DA:34,3
LF:17
LH:17
BRDA:26,0,0,3
BRDA:26,0,1,0
BRF:2
BRH:1
end_of_record
TN:
SF:config\db.js
FN:10,(anonymous_0)
FNF:1
FNH:1
FNDA:3,(anonymous_0)
DA:1,3
DA:2,3
DA:3,3
DA:6,3
DA:10,3
DA:12,3
DA:13,3
DA:14,3
DA:16,0
DA:26,3
LF:10
LH:9
BRDA:6,0,0,3
BRDA:6,0,1,0
BRF:2
BRH:1
end_of_record
TN:
SF:controllers\adminCtrl.js
FN:4,(anonymous_0)
FN:22,(anonymous_1)
FN:77,(anonymous_2)
FNF:3
FNH:3
FNDA:1,(anonymous_0)
FNDA:1,(anonymous_1)
FNDA:1,(anonymous_2)
DA:1,3
DA:2,3
DA:4,3
DA:5,1
DA:6,1
DA:7,1
DA:13,0
DA:14,0
DA:22,3
DA:23,1
DA:24,1
DA:25,1
DA:33,0
DA:77,3
DA:78,1
DA:79,1
DA:80,1
DA:81,1
DA:91,0
DA:99,3
LF:20
LH:16
BRF:0
BRH:0
end_of_record
TN:
SF:controllers\doctorCtrl.js
FN:6,(anonymous_0)
FN:25,(anonymous_1)
FN:49,(anonymous_2)
FN:96,(anonymous_3)
FNF:4
FNH:4
FNDA:1,(anonymous_0)
FNDA:1,(anonymous_1)
FNDA:1,(anonymous_2)
FNDA:1,(anonymous_3)
DA:1,3
DA:2,3
DA:3,3
DA:6,3
DA:7,1
DA:8,1
DA:9,1
DA:15,0
DA:16,0
DA:25,3
DA:26,1
DA:27,1
DA:31,1
DA:40,0
DA:49,3
DA:50,1
DA:51,1
DA:52,1
DA:96,3
DA:97,1
DA:98,1
DA:99,1
DA:104,1
DA:113,1
DA:118,0
DA:119,0
DA:127,3
LF:27
LH:22
BRF:0
BRH:0
end_of_record
TN:
SF:controllers\userCtrl.js
FN:10,(anonymous_0)
FN:36,(anonymous_1)
FN:62,(anonymous_2)
FN:88,(anonymous_3)
FN:151,(anonymous_4)
FN:176,(anonymous_5)
FN:199,(anonymous_6)
FN:249,(anonymous_7)
FN:287,(anonymous_8)
FNF:9
FNH:9
FNDA:9,(anonymous_0)
FNDA:12,(anonymous_1)
FNDA:1,(anonymous_2)
FNDA:2,(anonymous_3)
FNDA:1,(anonymous_4)
FNDA:1,(anonymous_5)
FNDA:1,(anonymous_6)
FNDA:1,(anonymous_7)
FNDA:1,(anonymous_8)
DA:1,3
DA:2,3
DA:3,3
DA:4,3
DA:5,3
DA:6,3
DA:10,3
DA:11,9
DA:12,9
DA:13,9
DA:14,5
DA:19,4
DA:20,4
DA:21,4
DA:22,4
DA:23,4
DA:24,4
DA:25,4
DA:27,0
DA:28,0
DA:36,3
DA:37,12
DA:38,12
DA:39,12
DA:40,2
DA:44,10
DA:45,10
DA:46,1
DA:50,9
DA:53,9
DA:55,0
DA:56,0
DA:62,3
DA:63,1
DA:64,1
DA:65,1
DA:66,1
DA:67,0
DA:72,1
DA:78,0
DA:79,0
DA:88,3
DA:89,2
DA:90,2
DA:91,2
DA:92,2
DA:93,2
DA:106,2
DA:111,0
DA:112,0
DA:151,3
DA:152,1
DA:153,1
DA:154,1
DA:155,1
DA:156,1
DA:157,1
DA:158,1
DA:159,1
DA:160,1
DA:166,0
DA:167,0
DA:176,3
DA:177,1
DA:178,1
DA:179,1
DA:180,1
DA:181,1
DA:182,1
DA:183,1
DA:189,0
DA:190,0
DA:199,3
DA:200,1
DA:201,1
DA:202,1
DA:208,0
DA:209,0
DA:249,3
DA:250,1
DA:251,1
DA:252,1
DA:255,1
DA:256,1
DA:257,1
DA:265,1
DA:266,0
DA:271,1
DA:279,0
DA:287,3
DA:288,1
DA:289,1
DA:292,1
DA:301,0
DA:309,3
LF:95
LH:77
BRDA:13,0,0,5
BRDA:13,0,1,4
BRDA:39,1,0,2
BRDA:39,1,1,10
BRDA:45,2,0,1
BRDA:45,2,1,9
BRDA:66,3,0,0
BRDA:66,3,1,1
BRDA:265,4,0,0
BRDA:265,4,1,1
BRF:10
BRH:8
end_of_record
TN:
SF:middlewares\authMiddleware.js
FN:3,(anonymous_0)
FN:6,(anonymous_1)
FNF:2
FNH:2
FNDA:21,(anonymous_0)
FNDA:16,(anonymous_1)
DA:1,3
DA:3,3
DA:4,21
DA:5,21
DA:6,16
DA:7,16
DA:8,0
DA:13,16
DA:14,16
DA:18,5
DA:19,5
LF:11
LH:10
BRDA:7,0,0,0
BRDA:7,0,1,16
BRF:2
BRH:1
end_of_record
TN:
SF:models\appointmentModel.js
FNF:0
FNH:0
DA:1,3
DA:3,3
DA:38,3
DA:40,3
LF:4
LH:4
BRF:0
BRH:0
end_of_record
TN:
SF:models\doctorModel.js
FNF:0
FNH:0
DA:1,3
DA:3,3
DA:55,3
DA:56,3
LF:4
LH:4
BRF:0
BRH:0
end_of_record
TN:
SF:models\userModels.js
FNF:0
FNH:0
DA:1,3
DA:3,3
DA:34,3
DA:36,3
LF:4
LH:4
BRF:0
BRH:0
end_of_record
TN:
SF:routes\adminRoutes.js
FNF:0
FNH:0
DA:1,3
DA:7,3
DA:8,3
DA:10,3
DA:13,3
DA:16,3
DA:18,3
DA:21,3
DA:27,3
LF:9
LH:9
BRF:0
BRH:0
end_of_record
TN:
SF:routes\doctorRoutes.js
FNF:0
FNH:0
DA:1,3
DA:8,3
DA:9,3
DA:10,3
DA:13,3
DA:16,3
DA:19,3
DA:22,3
DA:29,3
DA:31,3
LF:10
LH:10
BRF:0
BRH:0
end_of_record
TN:
SF:routes\userRoutes.js
FNF:0
FNH:0
DA:1,3
DA:13,3
DA:14,3
DA:17,3
DA:21,3
DA:24,3
DA:27,3
DA:30,3
DA:33,3
DA:39,3
DA:46,3
DA:49,3
DA:52,3
DA:59,3
DA:61,3
LF:15
LH:15
BRF:0
BRH:0
end_of_record
